TN:
SF:src/server.ts
FN:24,(anonymous_1)
FN:30,(anonymous_2)
FNF:2
FNH:0
FNDA:0,(anonymous_1)
FNDA:0,(anonymous_2)
DA:1,2
DA:2,2
DA:3,2
DA:4,2
DA:5,2
DA:6,2
DA:7,2
DA:9,2
DA:10,2
DA:11,2
DA:14,2
DA:15,2
DA:16,2
DA:17,2
DA:20,2
DA:21,2
DA:24,2
DA:25,0
DA:29,2
DA:30,0
DA:31,0
DA:35,2
LF:22
LH:19
BRDA:11,0,0,2
BRDA:11,0,1,2
BRDA:29,1,0,0
BRDA:29,1,1,2
BRF:4
BRH:3
end_of_record
TN:
SF:src/middleware/auth.ts
FN:14,(anonymous_1)
FNF:1
FNH:1
FNDA:5,(anonymous_1)
DA:2,2
DA:3,2
DA:5,2
DA:14,2
DA:19,5
DA:20,5
DA:21,5
DA:23,5
DA:24,2
DA:27,3
DA:33,3
DA:38,3
DA:39,0
DA:42,3
DA:43,3
DA:45,0
DA:46,0
LF:17
LH:14
BRDA:21,0,0,5
BRDA:21,0,1,3
BRDA:23,1,0,2
BRDA:23,1,1,3
BRDA:38,2,0,0
BRDA:38,2,1,3
BRF:6
BRH:5
end_of_record
TN:
SF:src/routes/auth.ts
FN:22,(anonymous_1)
FN:76,(anonymous_2)
FNF:2
FNH:2
FNDA:5,(anonymous_1)
FNDA:3,(anonymous_2)
DA:1,2
DA:2,2
DA:3,2
DA:4,2
DA:5,2
DA:7,2
DA:8,2
DA:11,2
DA:16,2
DA:22,2
DA:23,5
DA:24,5
DA:27,3
DA:31,3
DA:32,0
DA:35,3
DA:38,3
DA:51,3
DA:57,3
DA:63,2
DA:64,2
DA:70,0
DA:71,0
DA:76,2
DA:77,3
DA:78,3
DA:81,3
DA:85,3
DA:86,1
DA:90,2
DA:92,2
DA:93,1
DA:97,1
DA:103,1
DA:113,0
DA:114,0
DA:120,0
DA:121,0
DA:125,2
LF:39
LH:32
BRDA:31,0,0,0
BRDA:31,0,1,3
BRDA:63,1,0,2
BRDA:63,1,1,0
BRDA:85,2,0,1
BRDA:85,2,1,2
BRDA:92,3,0,1
BRDA:92,3,1,1
BRDA:113,4,0,0
BRDA:113,4,1,0
BRF:10
BRH:6
end_of_record
TN:
SF:src/routes/expenses.ts
FN:20,(anonymous_1)
FN:36,(anonymous_2)
FNF:2
FNH:2
FNDA:1,(anonymous_1)
FNDA:2,(anonymous_2)
DA:1,2
DA:2,2
DA:3,2
DA:4,2
DA:6,2
DA:7,2
DA:9,2
DA:17,2
DA:20,2
DA:21,1
DA:22,1
DA:28,1
DA:30,0
DA:31,0
DA:36,2
DA:37,2
DA:38,2
DA:42,1
DA:53,1
DA:55,1
DA:56,1
DA:62,0
DA:63,0
DA:67,2
LF:24
LH:20
BRDA:47,0,0,0
BRDA:47,0,1,1
BRDA:55,1,0,1
BRDA:55,1,1,0
BRF:4
BRH:2
end_of_record
